0 info it worked if it ends with ok
1 verbose cli [ '/usr/local/Cellar/node/5.3.0/bin/node',
1 verbose cli   '/usr/local/bin/npm',
1 verbose cli   'install',
1 verbose cli   '—save',
1 verbose cli   'babel-preset-es2015' ]
2 info using npm@3.3.12
3 info using node@v5.3.0
4 silly loadCurrentTree Starting
5 silly install loadCurrentTree
6 silly install readLocalPackageData
7 silly fetchPackageMetaData —save
8 silly fetchPackageMetaData babel-preset-es2015
9 silly fetchOtherPackageData —save
10 silly cache add args [ '—save', null ]
11 verbose cache add spec —save
12 silly fetchNamedPackageData babel-preset-es2015
13 silly mapToRegistry name babel-preset-es2015
14 silly mapToRegistry using default registry
15 silly mapToRegistry registry https://registry.npmjs.org/
16 silly mapToRegistry uri https://registry.npmjs.org/babel-preset-es2015
17 silly cache add parsed spec Result {
17 silly cache add   raw: '—save',
17 silly cache add   scope: null,
17 silly cache add   name: null,
17 silly cache add   rawSpec: '—save',
17 silly cache add   spec: '/Users/wenliang/Desktop/NewStack/—save',
17 silly cache add   type: 'local' }
18 error addLocal Could not install /Users/wenliang/Desktop/NewStack/—save
19 silly fetchPackageMetaData Error: ENOENT: no such file or directory, open '/Users/wenliang/Desktop/NewStack/—save'
19 silly fetchPackageMetaData     at Error (native)
19 silly fetchPackageMetaData  error for —save { [Error: ENOENT: no such file or directory, open '/Users/wenliang/Desktop/NewStack/—save']
19 silly fetchPackageMetaData   errno: -2,
19 silly fetchPackageMetaData   code: 'ENOENT',
19 silly fetchPackageMetaData   syscall: 'open',
19 silly fetchPackageMetaData   path: '/Users/wenliang/Desktop/NewStack/—save' }
20 verbose request uri https://registry.npmjs.org/babel-preset-es2015
21 verbose request no auth needed
22 info attempt registry request try #1 at 11:43:02 AM
23 verbose request id 5ab9862026ebe7a4
24 verbose etag "15BLLMRUG2NMLJUNRZBLI6MLJ"
25 http request GET https://registry.npmjs.org/babel-preset-es2015
26 http 400 https://registry.npmjs.org/babel-preset-es2015
27 verbose headers {}
28 silly get cb [ 304, undefined ]
29 verbose etag https://registry.npmjs.org/babel-preset-es2015 from cache
30 verbose get saving babel-preset-es2015 to /Users/wenliang/.npm/registry.npmjs.org/babel-preset-es2015/.cache.json
31 silly rollbackFailedOptional Starting
32 silly rollbackFailedOptional Finishing
33 silly runTopLevelLifecycles Starting
34 silly runTopLevelLifecycles Finishing
35 silly install printInstalled
36 verbose stack Error: ENOENT: no such file or directory, open '/Users/wenliang/Desktop/NewStack/—save'
36 verbose stack     at Error (native)
37 verbose cwd /Users/wenliang/Desktop/NewStack
38 error Darwin 15.2.0
39 error argv "/usr/local/Cellar/node/5.3.0/bin/node" "/usr/local/bin/npm" "install" "—save" "babel-preset-es2015"
40 error node v5.3.0
41 error npm  v3.3.12
42 error path /Users/wenliang/Desktop/NewStack/—save
43 error code ENOENT
44 error errno -2
45 error syscall open
46 error enoent ENOENT: no such file or directory, open '/Users/wenliang/Desktop/NewStack/—save'
46 error enoent This is most likely not a problem with npm itself
46 error enoent and is related to npm not being able to find a file.
47 verbose exit [ -2, true ]
